<?xml version="1.0" encoding="UTF-8"?>
<coverage generated="1746447133793" clover="3.2.0">
  <project timestamp="1746447133793" name="All files">
    <metrics statements="13" coveredstatements="13" conditionals="3" coveredconditionals="3" methods="1" coveredmethods="1" elements="17" coveredelements="17" complexity="0" loc="13" ncloc="13" packages="1" files="1" classes="1"/>
    <file name="app.ts" path="D:\Projects\Node projects\SAM_Upload\sam-upload\src\app.ts">
      <metrics statements="13" coveredstatements="13" conditionals="3" coveredconditionals="3" methods="1" coveredmethods="1"/>
      <line num="5" count="1" type="stmt"/>
      <line num="6" count="1" type="stmt"/>
      <line num="7" count="1" type="stmt"/>
      <line num="8" count="3" type="stmt"/>
      <line num="9" count="3" type="stmt"/>
      <line num="10" count="3" type="cond" truecount="2" falsecount="0"/>
      <line num="11" count="2" type="cond" truecount="1" falsecount="0"/>
      <line num="12" count="1" type="stmt"/>
      <line num="17" count="1" type="stmt"/>
      <line num="18" count="1" type="stmt"/>
      <line num="23" count="1" type="stmt"/>
      <line num="24" count="1" type="stmt"/>
      <line num="30" count="1" type="stmt"/>
    </file>
  </project>
</coverage>
