{"D:\\Projects\\Node projects\\SAM_Upload\\sam-upload\\src\\app.ts": {"path":"D:\\Projects\\Node projects\\SAM_Upload\\sam-upload\\src\\app.ts","statementMap":{"0":{"start":{"line":5,"column":15},"end":{"line":5,"column":63}},"1":{"start":{"line":6,"column":19},"end":{"line":6,"column":42}},"2":{"start":{"line":7,"column":23},"end":{"line":35,"column":1}},"3":{"start":{"line":8,"column":2},"end":{"line":34,"column":null}},"4":{"start":{"line":9,"column":21},"end":{"line":9,"column":58}},"5":{"start":{"line":10,"column":22},"end":{"line":10,"column":57}},"6":{"start":{"line":11,"column":2},"end":{"line":16,"column":null}},"7":{"start":{"line":12,"column":4},"end":{"line":15,"column":null}},"8":{"start":{"line":17,"column":14},"end":{"line":17,"column":34}},"9":{"start":{"line":18,"column":20},"end":{"line":22,"column":6}},"10":{"start":{"line":23,"column":16},"end":{"line":23,"column":70}},"11":{"start":{"line":24,"column":4},"end":{"line":27,"column":6}},"12":{"start":{"line":30,"column":4},"end":{"line":33,"column":6}}},"fnMap":{"0":{"name":"(anonymous_0)","decl":{"start":{"line":7,"column":23},"end":{"line":7,"column":28}},"loc":{"start":{"line":7,"column":94},"end":{"line":35,"column":1}}}},"branchMap":{"0":{"loc":{"start":{"line":10,"column":22},"end":{"line":10,"column":57}},"type":"binary-expr","locations":[{"start":{"line":10,"column":22},"end":{"line":10,"column":51}},{"start":{"line":10,"column":55},"end":{"line":10,"column":57}}]},"1":{"loc":{"start":{"line":11,"column":2},"end":{"line":16,"column":null}},"type":"if","locations":[{"start":{"line":11,"column":2},"end":{"line":16,"column":null}}]}},"s":{"0":1,"1":1,"2":1,"3":3,"4":3,"5":3,"6":2,"7":1,"8":1,"9":1,"10":1,"11":1,"12":1},"f":{"0":3},"b":{"0":[3,1],"1":[1]}}
}
